# JRE version: OpenJDK Runtime Environment (21.0.4) (build 21.0.4+-12508038-b607.1)
# Java VM: OpenJDK 64-Bit Server VM (21.0.4+-12508038-b607.1, mixed mode, tiered, compressed oops, compressed class ptrs, g1 gc, windows-amd64)
GC Precious Log:
 CardTable entry size: 512
 Card Set container configuration: InlinePtr #cards 5 size 8 Array Of Cards #cards 12 size 40 Howl #buckets 4 coarsen threshold 1843 Howl Bitmap #cards 512 size 80 coarsen threshold 460 Card regions per heap region 1 cards per card region 2048
 CPUs: 4 total, 4 available
 Memory: 8153M
 Large Page Support: Disabled
 NUMA Support: Disabled
 Compressed Oops: Enabled (32-bit)
 Heap Region Size: 1M
 Heap Min Capacity: 8M
 Heap Initial Capacity: 128M
 Heap Max Capacity: 2G
 Pre-touch: Disabled
 Parallel Workers: 4
 Concurrent Workers: 1
 Concurrent Refinement Workers: 4
 Periodic GC: Disabled
Heap:
 garbage-first heap   total 103424K, used 77722K [0x0000000080000000, 0x0000000100000000)
  region size 1024K, 10 young (10240K), 5 survivors (5120K)
 Metaspace       used 58829K, committed 60416K, reserved 1114112K
  class space    used 7837K, committed 8640K, reserved 1048576K
GC Heap History (20 events):
Event: 9.196 GC heap before
{Heap before GC invocations=5 (full 0):
 garbage-first heap   total 75776K, used 64260K [0x0000000080000000, 0x0000000100000000)
  region size 1024K, 44 young (45056K), 2 survivors (2048K)
 Metaspace       used 28503K, committed 29120K, reserved 1114112K
  class space    used 3574K, committed 3840K, reserved 1048576K
}
Event: 9.200 GC heap after
{Heap after GC invocations=6 (full 0):
 garbage-first heap   total 75776K, used 22901K [0x0000000080000000, 0x0000000100000000)
  region size 1024K, 4 young (4096K), 4 survivors (4096K)
 Metaspace       used 28503K, committed 29120K, reserved 1114112K
  class space    used 3574K, committed 3840K, reserved 1048576K
}
Event: 9.809 GC heap before
{Heap before GC invocations=6 (full 0):
 garbage-first heap   total 75776K, used 56693K [0x0000000080000000, 0x0000000100000000)
  region size 1024K, 37 young (37888K), 4 survivors (4096K)
 Metaspace       used 33037K, committed 33856K, reserved 1114112K
  class space    used 4340K, committed 4736K, reserved 1048576K
}
Event: 9.814 GC heap after
{Heap after GC invocations=7 (full 0):
 garbage-first heap   total 75776K, used 25515K [0x0000000080000000, 0x0000000100000000)
  region size 1024K, 5 young (5120K), 5 survivors (5120K)
 Metaspace       used 33037K, committed 33856K, reserved 1114112K
  class space    used 4340K, committed 4736K, reserved 1048576K
}
Event: 10.138 GC heap before
{Heap before GC invocations=7 (full 0):
 garbage-first heap   total 75776K, used 44971K [0x0000000080000000, 0x0000000100000000)
  region size 1024K, 19 young (19456K), 5 survivors (5120K)
 Metaspace       used 35091K, committed 35968K, reserved 1114112K
  class space    used 4696K, committed 5120K, reserved 1048576K
}
Event: 10.144 GC heap after
{Heap after GC invocations=8 (full 0):
 garbage-first heap   total 75776K, used 33885K [0x0000000080000000, 0x0000000100000000)
  region size 1024K, 5 young (5120K), 5 survivors (5120K)
 Metaspace       used 35091K, committed 35968K, reserved 1114112K
  class space    used 4696K, committed 5120K, reserved 1048576K
}
Event: 11.172 GC heap before
{Heap before GC invocations=9 (full 0):
 garbage-first heap   total 75776K, used 67677K [0x0000000080000000, 0x0000000100000000)
  region size 1024K, 33 young (33792K), 5 survivors (5120K)
 Metaspace       used 38431K, committed 39360K, reserved 1114112K
  class space    used 5218K, committed 5696K, reserved 1048576K
}
Event: 11.178 GC heap after
{Heap after GC invocations=10 (full 0):
 garbage-first heap   total 77824K, used 43023K [0x0000000080000000, 0x0000000100000000)
  region size 1024K, 5 young (5120K), 5 survivors (5120K)
 Metaspace       used 38431K, committed 39360K, reserved 1114112K
  class space    used 5218K, committed 5696K, reserved 1048576K
}
Event: 11.555 GC heap before
{Heap before GC invocations=10 (full 0):
 garbage-first heap   total 77824K, used 66575K [0x0000000080000000, 0x0000000100000000)
  region size 1024K, 28 young (28672K), 5 survivors (5120K)
 Metaspace       used 41275K, committed 42496K, reserved 1114112K
  class space    used 5700K, committed 6336K, reserved 1048576K
}
Event: 11.561 GC heap after
{Heap after GC invocations=11 (full 0):
 garbage-first heap   total 77824K, used 45245K [0x0000000080000000, 0x0000000100000000)
  region size 1024K, 2 young (2048K), 2 survivors (2048K)
 Metaspace       used 41275K, committed 42496K, reserved 1114112K
  class space    used 5700K, committed 6336K, reserved 1048576K
}
Event: 12.039 GC heap before
{Heap before GC invocations=11 (full 0):
 garbage-first heap   total 77824K, used 67773K [0x0000000080000000, 0x0000000100000000)
  region size 1024K, 25 young (25600K), 2 survivors (2048K)
 Metaspace       used 45150K, committed 46528K, reserved 1114112K
  class space    used 6231K, committed 6912K, reserved 1048576K
}
Event: 12.044 GC heap after
{Heap after GC invocations=12 (full 0):
 garbage-first heap   total 97280K, used 46987K [0x0000000080000000, 0x0000000100000000)
  region size 1024K, 4 young (4096K), 4 survivors (4096K)
 Metaspace       used 45150K, committed 46528K, reserved 1114112K
  class space    used 6231K, committed 6912K, reserved 1048576K
}
Event: 12.621 GC heap before
{Heap before GC invocations=13 (full 0):
 garbage-first heap   total 97280K, used 79755K [0x0000000080000000, 0x0000000100000000)
  region size 1024K, 37 young (37888K), 4 survivors (4096K)
 Metaspace       used 49294K, committed 50624K, reserved 1114112K
  class space    used 6657K, committed 7296K, reserved 1048576K
}
Event: 12.627 GC heap after
{Heap after GC invocations=14 (full 0):
 garbage-first heap   total 97280K, used 51024K [0x0000000080000000, 0x0000000100000000)
  region size 1024K, 5 young (5120K), 5 survivors (5120K)
 Metaspace       used 49294K, committed 50624K, reserved 1114112K
  class space    used 6657K, committed 7296K, reserved 1048576K
}
Event: 13.212 GC heap before
{Heap before GC invocations=14 (full 0):
 garbage-first heap   total 97280K, used 88912K [0x0000000080000000, 0x0000000100000000)
  region size 1024K, 37 young (37888K), 5 survivors (5120K)
 Metaspace       used 53463K, committed 54976K, reserved 1114112K
  class space    used 7182K, committed 7936K, reserved 1048576K
}
Event: 13.218 GC heap after
{Heap after GC invocations=15 (full 0):
 garbage-first heap   total 98304K, used 53511K [0x0000000080000000, 0x0000000100000000)
  region size 1024K, 3 young (3072K), 3 survivors (3072K)
 Metaspace       used 53463K, committed 54976K, reserved 1114112K
  class space    used 7182K, committed 7936K, reserved 1048576K
}
Event: 16.325 GC heap before
{Heap before GC invocations=15 (full 0):
 garbage-first heap   total 98304K, used 77063K [0x0000000080000000, 0x0000000100000000)
  region size 1024K, 27 young (27648K), 3 survivors (3072K)
 Metaspace       used 56179K, committed 57664K, reserved 1114112K
  class space    used 7631K, committed 8384K, reserved 1048576K
}
Event: 16.335 GC heap after
{Heap after GC invocations=16 (full 0):
 garbage-first heap   total 98304K, used 54933K [0x0000000080000000, 0x0000000100000000)
  region size 1024K, 2 young (2048K), 2 survivors (2048K)
 Metaspace       used 56179K, committed 57664K, reserved 1114112K
  class space    used 7631K, committed 8384K, reserved 1048576K
}
Event: 24.468 GC heap before
{Heap before GC invocations=17 (full 0):
 garbage-first heap   total 98304K, used 95893K [0x0000000080000000, 0x0000000100000000)
  region size 1024K, 27 young (27648K), 2 survivors (2048K)
 Metaspace       used 58280K, committed 59840K, reserved 1114112K
  class space    used 7755K, committed 8512K, reserved 1048576K
}
Event: 24.473 GC heap after
{Heap after GC invocations=18 (full 0):
 garbage-first heap   total 103424K, used 73626K [0x0000000080000000, 0x0000000100000000)
  region size 1024K, 5 young (5120K), 5 survivors (5120K)
 Metaspace       used 58280K, committed 59840K, reserved 1114112K
  class space    used 7755K, committed 8512K, reserved 1048576K
}

